Analysis & Synthesis report for Tick
Wed Sep 19 09:29:10 2018
Quartus Prime Version 16.1.0 Build 196 10/24/2016 SJ Lite Edition


---------------------
; Table of Contents ;
---------------------
  1. Legal Notice
  2. Analysis & Synthesis Summary
  3. Analysis & Synthesis Settings
  4. Parallel Compilation
  5. Analysis & Synthesis Source Files Read
  6. Analysis & Synthesis Resource Usage Summary
  7. Analysis & Synthesis Resource Utilization by Entity
  8. State Machine - |ticker|Tick_UC:UC|Sreg
  9. General Register Statistics
 10. Parameter Settings for User Entity Instance: Top-level Entity: |ticker
 11. Parameter Settings for User Entity Instance: Tick_FD:FD
 12. Parameter Settings for User Entity Instance: Tick_FD:FD|contador_m:Contador_tempo
 13. Parameter Settings for User Entity Instance: Tick_FD:FD|contador_m:Contador_tick
 14. Port Connectivity Checks: "Tick_FD:FD|contador_m:Contador_tick"
 15. Post-Synthesis Netlist Statistics for Top Partition
 16. Elapsed Time Per Partition
 17. Analysis & Synthesis Messages



----------------
; Legal Notice ;
----------------
Copyright (C) 2016  Intel Corporation. All rights reserved.
Your use of Intel Corporation's design tools, logic functions 
and other software and tools, and its AMPP partner logic 
functions, and any output files from any of the foregoing 
(including device programming or simulation files), and any 
associated documentation or information are expressly subject 
to the terms and conditions of the Intel Program License 
Subscription Agreement, the Intel Quartus Prime License Agreement,
the Intel MegaCore Function License Agreement, or other 
applicable license agreement, including, without limitation, 
that your use is for the sole purpose of programming logic 
devices manufactured by Intel and sold by Intel or its 
authorized distributors.  Please refer to the applicable 
agreement for further details.



+-------------------------------------------------------------------------------+
; Analysis & Synthesis Summary                                                  ;
+---------------------------------+---------------------------------------------+
; Analysis & Synthesis Status     ; Successful - Wed Sep 19 09:29:10 2018       ;
; Quartus Prime Version           ; 16.1.0 Build 196 10/24/2016 SJ Lite Edition ;
; Revision Name                   ; Tick                                        ;
; Top-level Entity Name           ; ticker                                      ;
; Family                          ; Cyclone V                                   ;
; Logic utilization (in ALMs)     ; N/A                                         ;
; Total registers                 ; 13                                          ;
; Total pins                      ; 6                                           ;
; Total virtual pins              ; 0                                           ;
; Total block memory bits         ; 0                                           ;
; Total DSP Blocks                ; 0                                           ;
; Total HSSI RX PCSs              ; 0                                           ;
; Total HSSI PMA RX Deserializers ; 0                                           ;
; Total HSSI TX PCSs              ; 0                                           ;
; Total HSSI PMA TX Serializers   ; 0                                           ;
; Total PLLs                      ; 0                                           ;
; Total DLLs                      ; 0                                           ;
+---------------------------------+---------------------------------------------+


+---------------------------------------------------------------------------------------------------------------------------+
; Analysis & Synthesis Settings                                                                                             ;
+---------------------------------------------------------------------------------+--------------------+--------------------+
; Option                                                                          ; Setting            ; Default Value      ;
+---------------------------------------------------------------------------------+--------------------+--------------------+
; Device                                                                          ; 5CEBA4F23C7        ;                    ;
; Top-level entity name                                                           ; ticker             ; Tick               ;
; Family name                                                                     ; Cyclone V          ; Cyclone V          ;
; Use smart compilation                                                           ; Off                ; Off                ;
; Enable parallel Assembler and TimeQuest Timing Analyzer during compilation      ; On                 ; On                 ;
; Enable compact report table                                                     ; Off                ; Off                ;
; Restructure Multiplexers                                                        ; Auto               ; Auto               ;
; MLAB Add Timing Constraints For Mixed-Port Feed-Through Mode Setting Don't Care ; Off                ; Off                ;
; Create Debugging Nodes for IP Cores                                             ; Off                ; Off                ;
; Preserve fewer node names                                                       ; On                 ; On                 ;
; OpenCore Plus hardware evaluation                                               ; Enable             ; Enable             ;
; Verilog Version                                                                 ; Verilog_2001       ; Verilog_2001       ;
; VHDL Version                                                                    ; VHDL_1993          ; VHDL_1993          ;
; State Machine Processing                                                        ; Auto               ; Auto               ;
; Safe State Machine                                                              ; Off                ; Off                ;
; Extract Verilog State Machines                                                  ; On                 ; On                 ;
; Extract VHDL State Machines                                                     ; On                 ; On                 ;
; Ignore Verilog initial constructs                                               ; Off                ; Off                ;
; Iteration limit for constant Verilog loops                                      ; 5000               ; 5000               ;
; Iteration limit for non-constant Verilog loops                                  ; 250                ; 250                ;
; Add Pass-Through Logic to Inferred RAMs                                         ; On                 ; On                 ;
; Infer RAMs from Raw Logic                                                       ; On                 ; On                 ;
; Parallel Synthesis                                                              ; On                 ; On                 ;
; DSP Block Balancing                                                             ; Auto               ; Auto               ;
; NOT Gate Push-Back                                                              ; On                 ; On                 ;
; Power-Up Don't Care                                                             ; On                 ; On                 ;
; Remove Redundant Logic Cells                                                    ; Off                ; Off                ;
; Remove Duplicate Registers                                                      ; On                 ; On                 ;
; Ignore CARRY Buffers                                                            ; Off                ; Off                ;
; Ignore CASCADE Buffers                                                          ; Off                ; Off                ;
; Ignore GLOBAL Buffers                                                           ; Off                ; Off                ;
; Ignore ROW GLOBAL Buffers                                                       ; Off                ; Off                ;
; Ignore LCELL Buffers                                                            ; Off                ; Off                ;
; Ignore SOFT Buffers                                                             ; On                 ; On                 ;
; Limit AHDL Integers to 32 Bits                                                  ; Off                ; Off                ;
; Optimization Technique                                                          ; Balanced           ; Balanced           ;
; Carry Chain Length                                                              ; 70                 ; 70                 ;
; Auto Carry Chains                                                               ; On                 ; On                 ;
; Auto Open-Drain Pins                                                            ; On                 ; On                 ;
; Perform WYSIWYG Primitive Resynthesis                                           ; Off                ; Off                ;
; Auto ROM Replacement                                                            ; On                 ; On                 ;
; Auto RAM Replacement                                                            ; On                 ; On                 ;
; Auto DSP Block Replacement                                                      ; On                 ; On                 ;
; Auto Shift Register Replacement                                                 ; Auto               ; Auto               ;
; Allow Shift Register Merging across Hierarchies                                 ; Auto               ; Auto               ;
; Auto Clock Enable Replacement                                                   ; On                 ; On                 ;
; Strict RAM Replacement                                                          ; Off                ; Off                ;
; Allow Synchronous Control Signals                                               ; On                 ; On                 ;
; Force Use of Synchronous Clear Signals                                          ; Off                ; Off                ;
; Auto Resource Sharing                                                           ; Off                ; Off                ;
; Allow Any RAM Size For Recognition                                              ; Off                ; Off                ;
; Allow Any ROM Size For Recognition                                              ; Off                ; Off                ;
; Allow Any Shift Register Size For Recognition                                   ; Off                ; Off                ;
; Use LogicLock Constraints during Resource Balancing                             ; On                 ; On                 ;
; Ignore translate_off and synthesis_off directives                               ; Off                ; Off                ;
; Timing-Driven Synthesis                                                         ; On                 ; On                 ;
; Report Parameter Settings                                                       ; On                 ; On                 ;
; Report Source Assignments                                                       ; On                 ; On                 ;
; Report Connectivity Checks                                                      ; On                 ; On                 ;
; Ignore Maximum Fan-Out Assignments                                              ; Off                ; Off                ;
; Synchronization Register Chain Length                                           ; 3                  ; 3                  ;
; PowerPlay Power Optimization During Synthesis                                   ; Normal compilation ; Normal compilation ;
; HDL message level                                                               ; Level2             ; Level2             ;
; Suppress Register Optimization Related Messages                                 ; Off                ; Off                ;
; Number of Removed Registers Reported in Synthesis Report                        ; 5000               ; 5000               ;
; Number of Swept Nodes Reported in Synthesis Report                              ; 5000               ; 5000               ;
; Number of Inverted Registers Reported in Synthesis Report                       ; 100                ; 100                ;
; Clock MUX Protection                                                            ; On                 ; On                 ;
; Auto Gated Clock Conversion                                                     ; Off                ; Off                ;
; Block Design Naming                                                             ; Auto               ; Auto               ;
; SDC constraint protection                                                       ; Off                ; Off                ;
; Synthesis Effort                                                                ; Auto               ; Auto               ;
; Shift Register Replacement - Allow Asynchronous Clear Signal                    ; On                 ; On                 ;
; Pre-Mapping Resynthesis Optimization                                            ; Off                ; Off                ;
; Analysis & Synthesis Message Level                                              ; Medium             ; Medium             ;
; Disable Register Merging Across Hierarchies                                     ; Auto               ; Auto               ;
; Resource Aware Inference For Block RAM                                          ; On                 ; On                 ;
; Automatic Parallel Synthesis                                                    ; On                 ; On                 ;
; Partial Reconfiguration Bitstream ID                                            ; Off                ; Off                ;
+---------------------------------------------------------------------------------+--------------------+--------------------+


+------------------------------------------+
; Parallel Compilation                     ;
+----------------------------+-------------+
; Processors                 ; Number      ;
+----------------------------+-------------+
; Number detected on machine ; 8           ;
; Maximum allowed            ; 4           ;
;                            ;             ;
; Average used               ; 1.00        ;
; Maximum used               ; 4           ;
;                            ;             ;
; Usage by Processor         ; % Time Used ;
;     Processor 1            ; 100.0%      ;
;     Processors 2-4         ;   0.0%      ;
+----------------------------+-------------+


+-----------------------------------------------------------------------------------------------------------------------------------------------------+
; Analysis & Synthesis Source Files Read                                                                                                              ;
+----------------------------------+-----------------+-----------------+--------------------------------------------------------------------+---------+
; File Name with User-Entered Path ; Used in Netlist ; File Type       ; File Name with Absolute Path                                       ; Library ;
+----------------------------------+-----------------+-----------------+--------------------------------------------------------------------+---------+
; ticker.vhd                       ; yes             ; User VHDL File  ; C:/Users/mypc/Desktop/DobbyRocha/LabDig-master/Tick/ticker.vhd     ;         ;
; contador_m.vhd                   ; yes             ; User VHDL File  ; C:/Users/mypc/Desktop/DobbyRocha/LabDig-master/Tick/contador_m.vhd ;         ;
; Tick_UC.vhd                      ; yes             ; User VHDL File  ; C:/Users/mypc/Desktop/DobbyRocha/LabDig-master/Tick/Tick_UC.vhd    ;         ;
; Tick_FD.vhd                      ; yes             ; User VHDL File  ; C:/Users/mypc/Desktop/DobbyRocha/LabDig-master/Tick/Tick_FD.vhd    ;         ;
+----------------------------------+-----------------+-----------------+--------------------------------------------------------------------+---------+


+---------------------------------------------------------+
; Analysis & Synthesis Resource Usage Summary             ;
+---------------------------------------------+-----------+
; Resource                                    ; Usage     ;
+---------------------------------------------+-----------+
; Estimate of Logic utilization (ALMs needed) ; 10        ;
;                                             ;           ;
; Combinational ALUT usage for logic          ; 17        ;
;     -- 7 input functions                    ; 0         ;
;     -- 6 input functions                    ; 1         ;
;     -- 5 input functions                    ; 1         ;
;     -- 4 input functions                    ; 12        ;
;     -- <=3 input functions                  ; 3         ;
;                                             ;           ;
; Dedicated logic registers                   ; 13        ;
;                                             ;           ;
; I/O pins                                    ; 6         ;
;                                             ;           ;
; Total DSP Blocks                            ; 0         ;
;                                             ;           ;
; Maximum fan-out node                        ; CLK~input ;
; Maximum fan-out                             ; 14        ;
; Total fan-out                               ; 118       ;
; Average fan-out                             ; 2.81      ;
+---------------------------------------------+-----------+


+------------------------------------------------------------------------------------------------------------------------------------------------------------------------------------------------------------------------+
; Analysis & Synthesis Resource Utilization by Entity                                                                                                                                                                    ;
+-----------------------------------+---------------------+---------------------------+-------------------+------------+------+--------------+----------------------------------------------+-------------+--------------+
; Compilation Hierarchy Node        ; Combinational ALUTs ; Dedicated Logic Registers ; Block Memory Bits ; DSP Blocks ; Pins ; Virtual Pins ; Full Hierarchy Name                          ; Entity Name ; Library Name ;
+-----------------------------------+---------------------+---------------------------+-------------------+------------+------+--------------+----------------------------------------------+-------------+--------------+
; |ticker                           ; 17 (0)              ; 13 (0)                    ; 0                 ; 0          ; 6    ; 0            ; |ticker                                      ; ticker      ; work         ;
;    |Tick_FD:FD|                   ; 10 (0)              ; 8 (0)                     ; 0                 ; 0          ; 0    ; 0            ; |ticker|Tick_FD:FD                           ; Tick_FD     ; work         ;
;       |contador_m:Contador_tempo| ; 5 (5)               ; 4 (4)                     ; 0                 ; 0          ; 0    ; 0            ; |ticker|Tick_FD:FD|contador_m:Contador_tempo ; contador_m  ; work         ;
;       |contador_m:Contador_tick|  ; 5 (5)               ; 4 (4)                     ; 0                 ; 0          ; 0    ; 0            ; |ticker|Tick_FD:FD|contador_m:Contador_tick  ; contador_m  ; work         ;
;    |Tick_UC:UC|                   ; 7 (7)               ; 5 (5)                     ; 0                 ; 0          ; 0    ; 0            ; |ticker|Tick_UC:UC                           ; Tick_UC     ; work         ;
+-----------------------------------+---------------------+---------------------------+-------------------+------------+------+--------------+----------------------------------------------+-------------+--------------+
Note: For table entries with two numbers listed, the numbers in parentheses indicate the number of resources of the given type used by the specific entity alone. The numbers listed outside of parentheses indicate the total resources of the given type used by the specific entity and all of its sub-entities in the hierarchy.


Encoding Type:  One-Hot
+------------------------------------------------------------------------------------+
; State Machine - |ticker|Tick_UC:UC|Sreg                                            ;
+--------------+--------------+------------+------------+--------------+-------------+
; Name         ; Sreg.conta_t ; Sreg.saida ; Sreg.ativa ; Sreg.conta_h ; Sreg.Espera ;
+--------------+--------------+------------+------------+--------------+-------------+
; Sreg.Espera  ; 0            ; 0          ; 0          ; 0            ; 0           ;
; Sreg.conta_h ; 0            ; 0          ; 0          ; 1            ; 1           ;
; Sreg.ativa   ; 0            ; 0          ; 1          ; 0            ; 1           ;
; Sreg.saida   ; 0            ; 1          ; 0          ; 0            ; 1           ;
; Sreg.conta_t ; 1            ; 0          ; 0          ; 0            ; 1           ;
+--------------+--------------+------------+------------+--------------+-------------+


+------------------------------------------------------+
; General Register Statistics                          ;
+----------------------------------------------+-------+
; Statistic                                    ; Value ;
+----------------------------------------------+-------+
; Total registers                              ; 13    ;
; Number of registers using Synchronous Clear  ; 0     ;
; Number of registers using Synchronous Load   ; 0     ;
; Number of registers using Asynchronous Clear ; 13    ;
; Number of registers using Asynchronous Load  ; 0     ;
; Number of registers using Clock Enable       ; 6     ;
; Number of registers using Preset             ; 0     ;
+----------------------------------------------+-------+


+------------------------------------------------------------------------+
; Parameter Settings for User Entity Instance: Top-level Entity: |ticker ;
+----------------+-------+-----------------------------------------------+
; Parameter Name ; Value ; Type                                          ;
+----------------+-------+-----------------------------------------------+
; Clk_BRate_m    ; 10    ; Signed Integer                                ;
; Clk_BRate_n    ; 4     ; Signed Integer                                ;
; Total_m        ; 11    ; Signed Integer                                ;
; Total_n        ; 4     ; Signed Integer                                ;
+----------------+-------+-----------------------------------------------+
Note: In order to hide this table in the UI and the text report file, please set the "Show Parameter Settings in Synthesis Report" option in "Analysis and Synthesis Settings -> More Settings" to "Off".


+---------------------------------------------------------+
; Parameter Settings for User Entity Instance: Tick_FD:FD ;
+----------------+-------+--------------------------------+
; Parameter Name ; Value ; Type                           ;
+----------------+-------+--------------------------------+
; clk_brate_m    ; 10    ; Signed Integer                 ;
; clk_brate_n    ; 4     ; Signed Integer                 ;
; total_m        ; 11    ; Signed Integer                 ;
; total_n        ; 4     ; Signed Integer                 ;
+----------------+-------+--------------------------------+
Note: In order to hide this table in the UI and the text report file, please set the "Show Parameter Settings in Synthesis Report" option in "Analysis and Synthesis Settings -> More Settings" to "Off".


+-----------------------------------------------------------------------------------+
; Parameter Settings for User Entity Instance: Tick_FD:FD|contador_m:Contador_tempo ;
+----------------+-------+----------------------------------------------------------+
; Parameter Name ; Value ; Type                                                     ;
+----------------+-------+----------------------------------------------------------+
; m              ; 10    ; Signed Integer                                           ;
; n              ; 4     ; Signed Integer                                           ;
+----------------+-------+----------------------------------------------------------+
Note: In order to hide this table in the UI and the text report file, please set the "Show Parameter Settings in Synthesis Report" option in "Analysis and Synthesis Settings -> More Settings" to "Off".


+----------------------------------------------------------------------------------+
; Parameter Settings for User Entity Instance: Tick_FD:FD|contador_m:Contador_tick ;
+----------------+-------+---------------------------------------------------------+
; Parameter Name ; Value ; Type                                                    ;
+----------------+-------+---------------------------------------------------------+
; m              ; 11    ; Signed Integer                                          ;
; n              ; 4     ; Signed Integer                                          ;
+----------------+-------+---------------------------------------------------------+
Note: In order to hide this table in the UI and the text report file, please set the "Show Parameter Settings in Synthesis Report" option in "Analysis and Synthesis Settings -> More Settings" to "Off".


+----------------------------------------------------------------------------------------------------------------+
; Port Connectivity Checks: "Tick_FD:FD|contador_m:Contador_tick"                                                ;
+------+--------+----------+-------------------------------------------------------------------------------------+
; Port ; Type   ; Severity ; Details                                                                             ;
+------+--------+----------+-------------------------------------------------------------------------------------+
; q    ; Output ; Info     ; Connected to dangling logic. Logic that only feeds a dangling port will be removed. ;
+------+--------+----------+-------------------------------------------------------------------------------------+


+-----------------------------------------------------+
; Post-Synthesis Netlist Statistics for Top Partition ;
+-----------------------+-----------------------------+
; Type                  ; Count                       ;
+-----------------------+-----------------------------+
; arriav_ff             ; 13                          ;
;     CLR               ; 7                           ;
;     ENA CLR           ; 6                           ;
; arriav_lcell_comb     ; 17                          ;
;     normal            ; 17                          ;
;         1 data inputs ; 1                           ;
;         2 data inputs ; 2                           ;
;         4 data inputs ; 12                          ;
;         5 data inputs ; 1                           ;
;         6 data inputs ; 1                           ;
; boundary_port         ; 6                           ;
;                       ;                             ;
; Max LUT depth         ; 2.00                        ;
; Average LUT depth     ; 1.36                        ;
+-----------------------+-----------------------------+


+-------------------------------+
; Elapsed Time Per Partition    ;
+----------------+--------------+
; Partition Name ; Elapsed Time ;
+----------------+--------------+
; Top            ; 00:00:00     ;
+----------------+--------------+


+-------------------------------+
; Analysis & Synthesis Messages ;
+-------------------------------+
Info: *******************************************************************
Info: Running Quartus Prime Analysis & Synthesis
    Info: Version 16.1.0 Build 196 10/24/2016 SJ Lite Edition
    Info: Processing started: Wed Sep 19 09:28:58 2018
Info: Command: quartus_map --read_settings_files=on --write_settings_files=off Tick -c Tick
Warning (18236): Number of processors has not been specified which may cause overloading on shared machines.  Set the global assignment NUM_PARALLEL_PROCESSORS in your QSF to an appropriate value for best performance.
Info (20030): Parallel compilation is enabled and will use 4 of the 4 processors detected
Info (12021): Found 2 design units, including 1 entities, in source file ticker.vhd
    Info (12022): Found design unit 1: ticker-Tick_Ark File: C:/Users/mypc/Desktop/DobbyRocha/LabDig-master/Tick/ticker.vhd Line: 16
    Info (12023): Found entity 1: ticker File: C:/Users/mypc/Desktop/DobbyRocha/LabDig-master/Tick/ticker.vhd Line: 7
Info (12021): Found 2 design units, including 1 entities, in source file comparador.vhd
    Info (12022): Found design unit 1: Comparador-Comparador_ark File: C:/Users/mypc/Desktop/DobbyRocha/LabDig-master/Tick/Comparador.vhd Line: 13
    Info (12023): Found entity 1: Comparador File: C:/Users/mypc/Desktop/DobbyRocha/LabDig-master/Tick/Comparador.vhd Line: 7
Info (12021): Found 2 design units, including 1 entities, in source file contador_m.vhd
    Info (12022): Found design unit 1: contador_m-contador_m_arch File: C:/Users/mypc/Desktop/DobbyRocha/LabDig-master/Tick/contador_m.vhd Line: 22
    Info (12023): Found entity 1: contador_m File: C:/Users/mypc/Desktop/DobbyRocha/LabDig-master/Tick/contador_m.vhd Line: 10
Info (12021): Found 2 design units, including 1 entities, in source file tick_uc.vhd
    Info (12022): Found design unit 1: Tick_UC-Tick_UC_arc File: C:/Users/mypc/Desktop/DobbyRocha/LabDig-master/Tick/Tick_UC.vhd Line: 12
    Info (12023): Found entity 1: Tick_UC File: C:/Users/mypc/Desktop/DobbyRocha/LabDig-master/Tick/Tick_UC.vhd Line: 7
Info (12021): Found 2 design units, including 1 entities, in source file tick_fd.vhd
    Info (12022): Found design unit 1: Tick_FD-Tick_FD_ark File: C:/Users/mypc/Desktop/DobbyRocha/LabDig-master/Tick/Tick_FD.vhd Line: 16
    Info (12023): Found entity 1: Tick_FD File: C:/Users/mypc/Desktop/DobbyRocha/LabDig-master/Tick/Tick_FD.vhd Line: 7
Info (12127): Elaborating entity "ticker" for the top level hierarchy
Info (12128): Elaborating entity "Tick_UC" for hierarchy "Tick_UC:UC" File: C:/Users/mypc/Desktop/DobbyRocha/LabDig-master/Tick/ticker.vhd Line: 35
Warning (10492): VHDL Process Statement warning at Tick_UC.vhd(26): signal "Sreg" is read inside the Process Statement but isn't in the Process Statement's sensitivity list File: C:/Users/mypc/Desktop/DobbyRocha/LabDig-master/Tick/Tick_UC.vhd Line: 26
Info (12128): Elaborating entity "Tick_FD" for hierarchy "Tick_FD:FD" File: C:/Users/mypc/Desktop/DobbyRocha/LabDig-master/Tick/ticker.vhd Line: 39
Warning (10036): Verilog HDL or VHDL warning at Tick_FD.vhd(18): object "s_Tick_counter" assigned a value but never read File: C:/Users/mypc/Desktop/DobbyRocha/LabDig-master/Tick/Tick_FD.vhd Line: 18
Info (12128): Elaborating entity "contador_m" for hierarchy "Tick_FD:FD|contador_m:Contador_tempo" File: C:/Users/mypc/Desktop/DobbyRocha/LabDig-master/Tick/Tick_FD.vhd Line: 29
Info (12128): Elaborating entity "contador_m" for hierarchy "Tick_FD:FD|contador_m:Contador_tick" File: C:/Users/mypc/Desktop/DobbyRocha/LabDig-master/Tick/Tick_FD.vhd Line: 43
Info (286030): Timing-Driven Synthesis is running
Info (16010): Generating hard_block partition "hard_block:auto_generated_inst"
    Info (16011): Adding 0 node(s), including 0 DDIO, 0 PLL, 0 transceiver and 0 LCELL
Info (21057): Implemented 24 device resources after synthesis - the final resource count might be different
    Info (21058): Implemented 3 input pins
    Info (21059): Implemented 3 output pins
    Info (21061): Implemented 18 logic cells
Info: Quartus Prime Analysis & Synthesis was successful. 0 errors, 3 warnings
    Info: Peak virtual memory: 4869 megabytes
    Info: Processing ended: Wed Sep 19 09:29:10 2018
    Info: Elapsed time: 00:00:12
    Info: Total CPU time (on all processors): 00:00:26


