Analysis & Synthesis report for tx_serial_base
Wed Sep 12 10:25:28 2018
Quartus Prime Version 16.1.0 Build 196 10/24/2016 SJ Lite Edition


---------------------
; Table of Contents ;
---------------------
  1. Legal Notice
  2. Analysis & Synthesis Summary
  3. Analysis & Synthesis Settings
  4. Parallel Compilation
  5. Analysis & Synthesis Source Files Read
  6. Analysis & Synthesis Resource Usage Summary
  7. Analysis & Synthesis Resource Utilization by Entity
  8. State Machine - |tx_serial_base|tx_serial_uc:U1|Sreg
  9. General Register Statistics
 10. Inverted Register Statistics
 11. Multiplexer Restructuring Statistics (Restructuring Performed)
 12. Parameter Settings for User Entity Instance: tx_serial_fd:U2|deslocador_n:U1
 13. Parameter Settings for User Entity Instance: tx_serial_fd:U2|contador_m:U2
 14. Port Connectivity Checks: "tx_serial_fd:U2|hex7seg:H0"
 15. Port Connectivity Checks: "tx_serial_fd:U2|hex7seg:H1"
 16. Port Connectivity Checks: "tx_serial_fd:U2|contador_m:U2"
 17. Port Connectivity Checks: "tx_serial_fd:U2|deslocador_n:U1"
 18. Post-Synthesis Netlist Statistics for Top Partition
 19. Elapsed Time Per Partition
 20. Analysis & Synthesis Messages



----------------
; Legal Notice ;
----------------
Copyright (C) 2016  Intel Corporation. All rights reserved.
Your use of Intel Corporation's design tools, logic functions 
and other software and tools, and its AMPP partner logic 
functions, and any output files from any of the foregoing 
(including device programming or simulation files), and any 
associated documentation or information are expressly subject 
to the terms and conditions of the Intel Program License 
Subscription Agreement, the Intel Quartus Prime License Agreement,
the Intel MegaCore Function License Agreement, or other 
applicable license agreement, including, without limitation, 
that your use is for the sole purpose of programming logic 
devices manufactured by Intel and sold by Intel or its 
authorized distributors.  Please refer to the applicable 
agreement for further details.



+-------------------------------------------------------------------------------+
; Analysis & Synthesis Summary                                                  ;
+---------------------------------+---------------------------------------------+
; Analysis & Synthesis Status     ; Successful - Wed Sep 12 10:25:28 2018       ;
; Quartus Prime Version           ; 16.1.0 Build 196 10/24/2016 SJ Lite Edition ;
; Revision Name                   ; tx_serial_base                              ;
; Top-level Entity Name           ; tx_serial_base                              ;
; Family                          ; Cyclone V                                   ;
; Logic utilization (in ALMs)     ; N/A                                         ;
; Total registers                 ; 18                                          ;
; Total pins                      ; 29                                          ;
; Total virtual pins              ; 0                                           ;
; Total block memory bits         ; 0                                           ;
; Total DSP Blocks                ; 0                                           ;
; Total HSSI RX PCSs              ; 0                                           ;
; Total HSSI PMA RX Deserializers ; 0                                           ;
; Total HSSI TX PCSs              ; 0                                           ;
; Total HSSI PMA TX Serializers   ; 0                                           ;
; Total PLLs                      ; 0                                           ;
; Total DLLs                      ; 0                                           ;
+---------------------------------+---------------------------------------------+


+---------------------------------------------------------------------------------------------------------------------------+
; Analysis & Synthesis Settings                                                                                             ;
+---------------------------------------------------------------------------------+--------------------+--------------------+
; Option                                                                          ; Setting            ; Default Value      ;
+---------------------------------------------------------------------------------+--------------------+--------------------+
; Device                                                                          ; 5CEBA4F23C7        ;                    ;
; Top-level entity name                                                           ; tx_serial_base     ; tx_serial_base     ;
; Family name                                                                     ; Cyclone V          ; Cyclone V          ;
; Use smart compilation                                                           ; Off                ; Off                ;
; Enable parallel Assembler and TimeQuest Timing Analyzer during compilation      ; On                 ; On                 ;
; Enable compact report table                                                     ; Off                ; Off                ;
; Restructure Multiplexers                                                        ; Auto               ; Auto               ;
; MLAB Add Timing Constraints For Mixed-Port Feed-Through Mode Setting Don't Care ; Off                ; Off                ;
; Create Debugging Nodes for IP Cores                                             ; Off                ; Off                ;
; Preserve fewer node names                                                       ; On                 ; On                 ;
; OpenCore Plus hardware evaluation                                               ; Enable             ; Enable             ;
; Verilog Version                                                                 ; Verilog_2001       ; Verilog_2001       ;
; VHDL Version                                                                    ; VHDL_1993          ; VHDL_1993          ;
; State Machine Processing                                                        ; Auto               ; Auto               ;
; Safe State Machine                                                              ; Off                ; Off                ;
; Extract Verilog State Machines                                                  ; On                 ; On                 ;
; Extract VHDL State Machines                                                     ; On                 ; On                 ;
; Ignore Verilog initial constructs                                               ; Off                ; Off                ;
; Iteration limit for constant Verilog loops                                      ; 5000               ; 5000               ;
; Iteration limit for non-constant Verilog loops                                  ; 250                ; 250                ;
; Add Pass-Through Logic to Inferred RAMs                                         ; On                 ; On                 ;
; Infer RAMs from Raw Logic                                                       ; On                 ; On                 ;
; Parallel Synthesis                                                              ; On                 ; On                 ;
; DSP Block Balancing                                                             ; Auto               ; Auto               ;
; NOT Gate Push-Back                                                              ; On                 ; On                 ;
; Power-Up Don't Care                                                             ; On                 ; On                 ;
; Remove Redundant Logic Cells                                                    ; Off                ; Off                ;
; Remove Duplicate Registers                                                      ; On                 ; On                 ;
; Ignore CARRY Buffers                                                            ; Off                ; Off                ;
; Ignore CASCADE Buffers                                                          ; Off                ; Off                ;
; Ignore GLOBAL Buffers                                                           ; Off                ; Off                ;
; Ignore ROW GLOBAL Buffers                                                       ; Off                ; Off                ;
; Ignore LCELL Buffers                                                            ; Off                ; Off                ;
; Ignore SOFT Buffers                                                             ; On                 ; On                 ;
; Limit AHDL Integers to 32 Bits                                                  ; Off                ; Off                ;
; Optimization Technique                                                          ; Balanced           ; Balanced           ;
; Carry Chain Length                                                              ; 70                 ; 70                 ;
; Auto Carry Chains                                                               ; On                 ; On                 ;
; Auto Open-Drain Pins                                                            ; On                 ; On                 ;
; Perform WYSIWYG Primitive Resynthesis                                           ; Off                ; Off                ;
; Auto ROM Replacement                                                            ; On                 ; On                 ;
; Auto RAM Replacement                                                            ; On                 ; On                 ;
; Auto DSP Block Replacement                                                      ; On                 ; On                 ;
; Auto Shift Register Replacement                                                 ; Auto               ; Auto               ;
; Allow Shift Register Merging across Hierarchies                                 ; Auto               ; Auto               ;
; Auto Clock Enable Replacement                                                   ; On                 ; On                 ;
; Strict RAM Replacement                                                          ; Off                ; Off                ;
; Allow Synchronous Control Signals                                               ; On                 ; On                 ;
; Force Use of Synchronous Clear Signals                                          ; Off                ; Off                ;
; Auto Resource Sharing                                                           ; Off                ; Off                ;
; Allow Any RAM Size For Recognition                                              ; Off                ; Off                ;
; Allow Any ROM Size For Recognition                                              ; Off                ; Off                ;
; Allow Any Shift Register Size For Recognition                                   ; Off                ; Off                ;
; Use LogicLock Constraints during Resource Balancing                             ; On                 ; On                 ;
; Ignore translate_off and synthesis_off directives                               ; Off                ; Off                ;
; Timing-Driven Synthesis                                                         ; On                 ; On                 ;
; Report Parameter Settings                                                       ; On                 ; On                 ;
; Report Source Assignments                                                       ; On                 ; On                 ;
; Report Connectivity Checks                                                      ; On                 ; On                 ;
; Ignore Maximum Fan-Out Assignments                                              ; Off                ; Off                ;
; Synchronization Register Chain Length                                           ; 3                  ; 3                  ;
; PowerPlay Power Optimization During Synthesis                                   ; Normal compilation ; Normal compilation ;
; HDL message level                                                               ; Level2             ; Level2             ;
; Suppress Register Optimization Related Messages                                 ; Off                ; Off                ;
; Number of Removed Registers Reported in Synthesis Report                        ; 5000               ; 5000               ;
; Number of Swept Nodes Reported in Synthesis Report                              ; 5000               ; 5000               ;
; Number of Inverted Registers Reported in Synthesis Report                       ; 100                ; 100                ;
; Clock MUX Protection                                                            ; On                 ; On                 ;
; Auto Gated Clock Conversion                                                     ; Off                ; Off                ;
; Block Design Naming                                                             ; Auto               ; Auto               ;
; SDC constraint protection                                                       ; Off                ; Off                ;
; Synthesis Effort                                                                ; Auto               ; Auto               ;
; Shift Register Replacement - Allow Asynchronous Clear Signal                    ; On                 ; On                 ;
; Pre-Mapping Resynthesis Optimization                                            ; Off                ; Off                ;
; Analysis & Synthesis Message Level                                              ; Medium             ; Medium             ;
; Disable Register Merging Across Hierarchies                                     ; Auto               ; Auto               ;
; Resource Aware Inference For Block RAM                                          ; On                 ; On                 ;
; Automatic Parallel Synthesis                                                    ; On                 ; On                 ;
; Partial Reconfiguration Bitstream ID                                            ; Off                ; Off                ;
+---------------------------------------------------------------------------------+--------------------+--------------------+


+------------------------------------------+
; Parallel Compilation                     ;
+----------------------------+-------------+
; Processors                 ; Number      ;
+----------------------------+-------------+
; Number detected on machine ; 8           ;
; Maximum allowed            ; 4           ;
;                            ;             ;
; Average used               ; 1.00        ;
; Maximum used               ; 4           ;
;                            ;             ;
; Usage by Processor         ; % Time Used ;
;     Processor 1            ; 100.0%      ;
;     Processors 2-4         ;   0.0%      ;
+----------------------------+-------------+


+--------------------------------------------------------------------------------------------------------------------------------------------------------------------------------+
; Analysis & Synthesis Source Files Read                                                                                                                                         ;
+----------------------------------+-----------------+-----------------------+-----------------------------------------------------------------------------------------+---------+
; File Name with User-Entered Path ; Used in Netlist ; File Type             ; File Name with Absolute Path                                                            ; Library ;
+----------------------------------+-----------------+-----------------------+-----------------------------------------------------------------------------------------+---------+
; tx_serial_base_uc.vhd            ; yes             ; User VHDL File        ; C:/Users/Gabriel Rocha Amorim/Documents/Faculdade/LabDig2/Projeto/tx_serial_base_uc.vhd ;         ;
; tx_serial_base_fd.vhd            ; yes             ; User VHDL File        ; C:/Users/Gabriel Rocha Amorim/Documents/Faculdade/LabDig2/Projeto/tx_serial_base_fd.vhd ;         ;
; tx_serial_base.vhd               ; yes             ; User VHDL File        ; C:/Users/Gabriel Rocha Amorim/Documents/Faculdade/LabDig2/Projeto/tx_serial_base.vhd    ;         ;
; deslocador_n.vhd                 ; yes             ; User VHDL File        ; C:/Users/Gabriel Rocha Amorim/Documents/Faculdade/LabDig2/Projeto/deslocador_n.vhd      ;         ;
; contador_m.vhd                   ; yes             ; User VHDL File        ; C:/Users/Gabriel Rocha Amorim/Documents/Faculdade/LabDig2/Projeto/contador_m.vhd        ;         ;
; hex7seg.vhd                      ; yes             ; Auto-Found VHDL File  ; C:/Users/Gabriel Rocha Amorim/Documents/Faculdade/LabDig2/Projeto/hex7seg.vhd           ;         ;
+----------------------------------+-----------------+-----------------------+-----------------------------------------------------------------------------------------+---------+


+-----------------------------------------------------------+
; Analysis & Synthesis Resource Usage Summary               ;
+---------------------------------------------+-------------+
; Resource                                    ; Usage       ;
+---------------------------------------------+-------------+
; Estimate of Logic utilization (ALMs needed) ; 19          ;
;                                             ;             ;
; Combinational ALUT usage for logic          ; 35          ;
;     -- 7 input functions                    ; 0           ;
;     -- 6 input functions                    ; 3           ;
;     -- 5 input functions                    ; 1           ;
;     -- 4 input functions                    ; 9           ;
;     -- <=3 input functions                  ; 22          ;
;                                             ;             ;
; Dedicated logic registers                   ; 18          ;
;                                             ;             ;
; I/O pins                                    ; 29          ;
;                                             ;             ;
; Total DSP Blocks                            ; 0           ;
;                                             ;             ;
; Maximum fan-out node                        ; clock~input ;
; Maximum fan-out                             ; 19          ;
; Total fan-out                               ; 232         ;
; Average fan-out                             ; 2.09        ;
+---------------------------------------------+-------------+


+-----------------------------------------------------------------------------------------------------------------------------------------------------------------------------------------------------------------------+
; Analysis & Synthesis Resource Utilization by Entity                                                                                                                                                                   ;
+----------------------------+---------------------+---------------------------+-------------------+------------+------+--------------+-------------------------------------------------+----------------+--------------+
; Compilation Hierarchy Node ; Combinational ALUTs ; Dedicated Logic Registers ; Block Memory Bits ; DSP Blocks ; Pins ; Virtual Pins ; Full Hierarchy Name                             ; Entity Name    ; Library Name ;
+----------------------------+---------------------+---------------------------+-------------------+------------+------+--------------+-------------------------------------------------+----------------+--------------+
; |tx_serial_base            ; 35 (0)              ; 18 (0)                    ; 0                 ; 0          ; 29   ; 0            ; |tx_serial_base                                 ; tx_serial_base ; work         ;
;    |tx_serial_fd:U2|       ; 31 (2)              ; 14 (0)                    ; 0                 ; 0          ; 0    ; 0            ; |tx_serial_base|tx_serial_fd:U2                 ; tx_serial_fd   ; work         ;
;       |contador_m:U2|      ; 4 (4)               ; 4 (4)                     ; 0                 ; 0          ; 0    ; 0            ; |tx_serial_base|tx_serial_fd:U2|contador_m:U2   ; contador_m     ; work         ;
;       |deslocador_n:U1|    ; 11 (11)             ; 10 (10)                   ; 0                 ; 0          ; 0    ; 0            ; |tx_serial_base|tx_serial_fd:U2|deslocador_n:U1 ; deslocador_n   ; work         ;
;       |hex7seg:H0|         ; 7 (7)               ; 0 (0)                     ; 0                 ; 0          ; 0    ; 0            ; |tx_serial_base|tx_serial_fd:U2|hex7seg:H0      ; hex7seg        ; work         ;
;       |hex7seg:H1|         ; 7 (7)               ; 0 (0)                     ; 0                 ; 0          ; 0    ; 0            ; |tx_serial_base|tx_serial_fd:U2|hex7seg:H1      ; hex7seg        ; work         ;
;    |tx_serial_uc:U1|       ; 4 (4)               ; 4 (4)                     ; 0                 ; 0          ; 0    ; 0            ; |tx_serial_base|tx_serial_uc:U1                 ; tx_serial_uc   ; work         ;
+----------------------------+---------------------+---------------------------+-------------------+------------+------+--------------+-------------------------------------------------+----------------+--------------+
Note: For table entries with two numbers listed, the numbers in parentheses indicate the number of resources of the given type used by the specific entity alone. The numbers listed outside of parentheses indicate the total resources of the given type used by the specific entity and all of its sub-entities in the hierarchy.


Encoding Type:  One-Hot
+-----------------------------------------------------------------------------------+
; State Machine - |tx_serial_base|tx_serial_uc:U1|Sreg                              ;
+------------------+------------+------------------+-----------------+--------------+
; Name             ; Sreg.final ; Sreg.transmissao ; Sreg.preparacao ; Sreg.inicial ;
+------------------+------------+------------------+-----------------+--------------+
; Sreg.inicial     ; 0          ; 0                ; 0               ; 0            ;
; Sreg.preparacao  ; 0          ; 0                ; 1               ; 1            ;
; Sreg.transmissao ; 0          ; 1                ; 0               ; 1            ;
; Sreg.final       ; 1          ; 0                ; 0               ; 1            ;
+------------------+------------+------------------+-----------------+--------------+


+------------------------------------------------------+
; General Register Statistics                          ;
+----------------------------------------------+-------+
; Statistic                                    ; Value ;
+----------------------------------------------+-------+
; Total registers                              ; 18    ;
; Number of registers using Synchronous Clear  ; 0     ;
; Number of registers using Synchronous Load   ; 0     ;
; Number of registers using Asynchronous Clear ; 18    ;
; Number of registers using Asynchronous Load  ; 0     ;
; Number of registers using Clock Enable       ; 12    ;
; Number of registers using Preset             ; 0     ;
+----------------------------------------------+-------+


+---------------------------------------------------+
; Inverted Register Statistics                      ;
+-----------------------------------------+---------+
; Inverted Register                       ; Fan out ;
+-----------------------------------------+---------+
; tx_serial_fd:U2|deslocador_n:U1|IQ[0]   ; 1       ;
; tx_serial_fd:U2|deslocador_n:U1|IQ[1]   ; 1       ;
; tx_serial_fd:U2|deslocador_n:U1|IQ[2]   ; 1       ;
; tx_serial_fd:U2|deslocador_n:U1|IQ[3]   ; 1       ;
; tx_serial_fd:U2|deslocador_n:U1|IQ[4]   ; 1       ;
; tx_serial_fd:U2|deslocador_n:U1|IQ[5]   ; 1       ;
; tx_serial_fd:U2|deslocador_n:U1|IQ[6]   ; 1       ;
; tx_serial_fd:U2|deslocador_n:U1|IQ[7]   ; 1       ;
; tx_serial_fd:U2|deslocador_n:U1|IQ[8]   ; 1       ;
; tx_serial_fd:U2|deslocador_n:U1|IQ[9]   ; 2       ;
; Total number of inverted registers = 10 ;         ;
+-----------------------------------------+---------+


+---------------------------------------------------------------------------------------------------------------------------------------------------------------------+
; Multiplexer Restructuring Statistics (Restructuring Performed)                                                                                                      ;
+--------------------+-----------+---------------+----------------------+------------------------+------------+-------------------------------------------------------+
; Multiplexer Inputs ; Bus Width ; Baseline Area ; Area if Restructured ; Saving if Restructured ; Registered ; Example Multiplexer Output                            ;
+--------------------+-----------+---------------+----------------------+------------------------+------------+-------------------------------------------------------+
; 3:1                ; 2 bits    ; 4 LEs         ; 2 LEs                ; 2 LEs                  ; Yes        ; |tx_serial_base|tx_serial_fd:U2|deslocador_n:U1|IQ[0] ;
; 3:1                ; 7 bits    ; 14 LEs        ; 7 LEs                ; 7 LEs                  ; Yes        ; |tx_serial_base|tx_serial_fd:U2|deslocador_n:U1|IQ[2] ;
+--------------------+-----------+---------------+----------------------+------------------------+------------+-------------------------------------------------------+


+------------------------------------------------------------------------------+
; Parameter Settings for User Entity Instance: tx_serial_fd:U2|deslocador_n:U1 ;
+----------------+-------+-----------------------------------------------------+
; Parameter Name ; Value ; Type                                                ;
+----------------+-------+-----------------------------------------------------+
; n              ; 10    ; Signed Integer                                      ;
+----------------+-------+-----------------------------------------------------+
Note: In order to hide this table in the UI and the text report file, please set the "Show Parameter Settings in Synthesis Report" option in "Analysis and Synthesis Settings -> More Settings" to "Off".


+----------------------------------------------------------------------------+
; Parameter Settings for User Entity Instance: tx_serial_fd:U2|contador_m:U2 ;
+----------------+-------+---------------------------------------------------+
; Parameter Name ; Value ; Type                                              ;
+----------------+-------+---------------------------------------------------+
; m              ; 12    ; Signed Integer                                    ;
; n              ; 4     ; Signed Integer                                    ;
+----------------+-------+---------------------------------------------------+
Note: In order to hide this table in the UI and the text report file, please set the "Show Parameter Settings in Synthesis Report" option in "Analysis and Synthesis Settings -> More Settings" to "Off".


+--------------------------------------------------------+
; Port Connectivity Checks: "tx_serial_fd:U2|hex7seg:H0" ;
+--------+-------+----------+----------------------------+
; Port   ; Type  ; Severity ; Details                    ;
+--------+-------+----------+----------------------------+
; enable ; Input ; Info     ; Stuck at VCC               ;
+--------+-------+----------+----------------------------+


+--------------------------------------------------------+
; Port Connectivity Checks: "tx_serial_fd:U2|hex7seg:H1" ;
+-----------+-------+----------+-------------------------+
; Port      ; Type  ; Severity ; Details                 ;
+-----------+-------+----------+-------------------------+
; binary[3] ; Input ; Info     ; Stuck at GND            ;
; enable    ; Input ; Info     ; Stuck at VCC            ;
+-----------+-------+----------+-------------------------+


+----------------------------------------------------------------------------------------------------------------+
; Port Connectivity Checks: "tx_serial_fd:U2|contador_m:U2"                                                      ;
+------+--------+----------+-------------------------------------------------------------------------------------+
; Port ; Type   ; Severity ; Details                                                                             ;
+------+--------+----------+-------------------------------------------------------------------------------------+
; q    ; Output ; Info     ; Connected to dangling logic. Logic that only feeds a dangling port will be removed. ;
+------+--------+----------+-------------------------------------------------------------------------------------+


+--------------------------------------------------------------------------------------------------------------------------+
; Port Connectivity Checks: "tx_serial_fd:U2|deslocador_n:U1"                                                              ;
+----------------+--------+----------+-------------------------------------------------------------------------------------+
; Port           ; Type   ; Severity ; Details                                                                             ;
+----------------+--------+----------+-------------------------------------------------------------------------------------+
; entrada_serial ; Input  ; Info     ; Stuck at VCC                                                                        ;
; dados[1]       ; Input  ; Info     ; Stuck at GND                                                                        ;
; dados[0]       ; Input  ; Info     ; Stuck at VCC                                                                        ;
; saida[9..1]    ; Output ; Info     ; Connected to dangling logic. Logic that only feeds a dangling port will be removed. ;
+----------------+--------+----------+-------------------------------------------------------------------------------------+


+-----------------------------------------------------+
; Post-Synthesis Netlist Statistics for Top Partition ;
+-----------------------+-----------------------------+
; Type                  ; Count                       ;
+-----------------------+-----------------------------+
; arriav_ff             ; 18                          ;
;     CLR               ; 6                           ;
;     ENA CLR           ; 12                          ;
; arriav_lcell_comb     ; 38                          ;
;     normal            ; 38                          ;
;         1 data inputs ; 4                           ;
;         2 data inputs ; 4                           ;
;         3 data inputs ; 17                          ;
;         4 data inputs ; 9                           ;
;         5 data inputs ; 1                           ;
;         6 data inputs ; 3                           ;
; boundary_port         ; 29                          ;
;                       ;                             ;
; Max LUT depth         ; 2.00                        ;
; Average LUT depth     ; 1.19                        ;
+-----------------------+-----------------------------+


+-------------------------------+
; Elapsed Time Per Partition    ;
+----------------+--------------+
; Partition Name ; Elapsed Time ;
+----------------+--------------+
; Top            ; 00:00:00     ;
+----------------+--------------+


+-------------------------------+
; Analysis & Synthesis Messages ;
+-------------------------------+
Info: *******************************************************************
Info: Running Quartus Prime Analysis & Synthesis
    Info: Version 16.1.0 Build 196 10/24/2016 SJ Lite Edition
    Info: Processing started: Wed Sep 12 10:25:16 2018
Info: Command: quartus_map --read_settings_files=on --write_settings_files=off tx_serial_base -c tx_serial_base
Warning (18236): Number of processors has not been specified which may cause overloading on shared machines.  Set the global assignment NUM_PARALLEL_PROCESSORS in your QSF to an appropriate value for best performance.
Info (20030): Parallel compilation is enabled and will use 4 of the 4 processors detected
Info (12021): Found 2 design units, including 1 entities, in source file tx_serial_base_uc.vhd
    Info (12022): Found design unit 1: tx_serial_uc-tx_serial_uc File: C:/Users/Gabriel Rocha Amorim/Documents/Faculdade/LabDig2/Projeto/tx_serial_base_uc.vhd Line: 14
    Info (12023): Found entity 1: tx_serial_uc File: C:/Users/Gabriel Rocha Amorim/Documents/Faculdade/LabDig2/Projeto/tx_serial_base_uc.vhd Line: 9
Info (12021): Found 2 design units, including 1 entities, in source file tx_serial_base_fd.vhd
    Info (12022): Found design unit 1: tx_serial_fd-tx_serial_fd File: C:/Users/Gabriel Rocha Amorim/Documents/Faculdade/LabDig2/Projeto/tx_serial_base_fd.vhd Line: 17
    Info (12023): Found entity 1: tx_serial_fd File: C:/Users/Gabriel Rocha Amorim/Documents/Faculdade/LabDig2/Projeto/tx_serial_base_fd.vhd Line: 9
Info (12021): Found 2 design units, including 1 entities, in source file tx_serial_base.vhd
    Info (12022): Found design unit 1: tx_serial_base-arch_tx_serial_base File: C:/Users/Gabriel Rocha Amorim/Documents/Faculdade/LabDig2/Projeto/tx_serial_base.vhd Line: 16
    Info (12023): Found entity 1: tx_serial_base File: C:/Users/Gabriel Rocha Amorim/Documents/Faculdade/LabDig2/Projeto/tx_serial_base.vhd Line: 8
Info (12021): Found 2 design units, including 1 entities, in source file deslocador_n.vhd
    Info (12022): Found design unit 1: deslocador_n-deslocador_n_arch File: C:/Users/Gabriel Rocha Amorim/Documents/Faculdade/LabDig2/Projeto/deslocador_n.vhd Line: 16
    Info (12023): Found entity 1: deslocador_n File: C:/Users/Gabriel Rocha Amorim/Documents/Faculdade/LabDig2/Projeto/deslocador_n.vhd Line: 4
Info (12021): Found 2 design units, including 1 entities, in source file contador_m.vhd
    Info (12022): Found design unit 1: contador_m-contador_m_arch File: C:/Users/Gabriel Rocha Amorim/Documents/Faculdade/LabDig2/Projeto/contador_m.vhd Line: 22
    Info (12023): Found entity 1: contador_m File: C:/Users/Gabriel Rocha Amorim/Documents/Faculdade/LabDig2/Projeto/contador_m.vhd Line: 10
Info (12127): Elaborating entity "tx_serial_base" for the top level hierarchy
Info (12128): Elaborating entity "tx_serial_uc" for hierarchy "tx_serial_uc:U1" File: C:/Users/Gabriel Rocha Amorim/Documents/Faculdade/LabDig2/Projeto/tx_serial_base.vhd Line: 35
Info (12128): Elaborating entity "tx_serial_fd" for hierarchy "tx_serial_fd:U2" File: C:/Users/Gabriel Rocha Amorim/Documents/Faculdade/LabDig2/Projeto/tx_serial_base.vhd Line: 45
Info (12128): Elaborating entity "deslocador_n" for hierarchy "tx_serial_fd:U2|deslocador_n:U1" File: C:/Users/Gabriel Rocha Amorim/Documents/Faculdade/LabDig2/Projeto/tx_serial_base_fd.vhd Line: 58
Info (12128): Elaborating entity "contador_m" for hierarchy "tx_serial_fd:U2|contador_m:U2" File: C:/Users/Gabriel Rocha Amorim/Documents/Faculdade/LabDig2/Projeto/tx_serial_base_fd.vhd Line: 66
Warning (12125): Using design file hex7seg.vhd, which is not specified as a design file for the current project, but contains definitions for 2 design units and 1 entities in project
    Info (12022): Found design unit 1: hex7seg-hex7seg File: C:/Users/Gabriel Rocha Amorim/Documents/Faculdade/LabDig2/Projeto/hex7seg.vhd Line: 12
    Info (12023): Found entity 1: hex7seg File: C:/Users/Gabriel Rocha Amorim/Documents/Faculdade/LabDig2/Projeto/hex7seg.vhd Line: 5
Info (12128): Elaborating entity "hex7seg" for hierarchy "tx_serial_fd:U2|hex7seg:H1" File: C:/Users/Gabriel Rocha Amorim/Documents/Faculdade/LabDig2/Projeto/tx_serial_base_fd.vhd Line: 80
Info (286030): Timing-Driven Synthesis is running
Info (16010): Generating hard_block partition "hard_block:auto_generated_inst"
    Info (16011): Adding 0 node(s), including 0 DDIO, 0 PLL, 0 transceiver and 0 LCELL
Info (21057): Implemented 64 device resources after synthesis - the final resource count might be different
    Info (21058): Implemented 11 input pins
    Info (21059): Implemented 18 output pins
    Info (21061): Implemented 35 logic cells
Info: Quartus Prime Analysis & Synthesis was successful. 0 errors, 2 warnings
    Info: Peak virtual memory: 4870 megabytes
    Info: Processing ended: Wed Sep 12 10:25:28 2018
    Info: Elapsed time: 00:00:12
    Info: Total CPU time (on all processors): 00:00:28


